0 info it worked if it ends with ok
1 verbose cli [ 'node',
1 verbose cli   'C:\\Users\\dricardo1\\AppData\\Roaming\\npm\\node_modules\\npm\\bin\\npm-cli.js',
1 verbose cli   'install',
1 verbose cli   '-g',
1 verbose cli   'live-server' ]
2 info using npm@1.3.26
3 info using node@v0.10.35
4 verbose cache add [ 'live-server', null ]
5 verbose cache add name=undefined spec="live-server" args=["live-server",null]
6 verbose parsed url { protocol: null,
6 verbose parsed url   slashes: null,
6 verbose parsed url   auth: null,
6 verbose parsed url   host: null,
6 verbose parsed url   port: null,
6 verbose parsed url   hostname: null,
6 verbose parsed url   hash: null,
6 verbose parsed url   search: null,
6 verbose parsed url   query: null,
6 verbose parsed url   pathname: 'live-server',
6 verbose parsed url   path: 'live-server',
6 verbose parsed url   href: 'live-server' }
7 silly lockFile 9528180e-live-server live-server
8 verbose lock live-server C:\Users\dricardo1\AppData\Roaming\npm-cache\9528180e-live-server.lock
9 silly lockFile 9528180e-live-server live-server
10 silly lockFile 9528180e-live-server live-server
11 verbose addNamed [ 'live-server', '' ]
12 verbose addNamed [ null, '*' ]
13 silly lockFile 180ee697-live-server live-server@
14 verbose lock live-server@ C:\Users\dricardo1\AppData\Roaming\npm-cache\180ee697-live-server.lock
15 silly addNameRange { name: 'live-server', range: '*', hasData: false }
16 verbose url raw live-server
17 verbose url resolving [ 'https://registry.npmjs.org/', './live-server' ]
18 verbose url resolved https://registry.npmjs.org/live-server
19 info trying registry request attempt 1 at 00:53:50
20 verbose etag "7N4SWUZRR28WTKMKHEPW7LSX6"
21 http GET https://registry.npmjs.org/live-server
22 http 304 https://registry.npmjs.org/live-server
23 silly registry.get cb [ 304,
23 silly registry.get   { date: 'Sat, 30 May 2015 04:53:51 GMT',
23 silly registry.get     via: '1.1 varnish',
23 silly registry.get     'cache-control': 'max-age=60',
23 silly registry.get     etag: '"7N4SWUZRR28WTKMKHEPW7LSX6"',
23 silly registry.get     age: '0',
23 silly registry.get     connection: 'keep-alive',
23 silly registry.get     'x-served-by': 'cache-dfw1830-DFW',
23 silly registry.get     'x-cache': 'MISS',
23 silly registry.get     'x-cache-hits': '0',
23 silly registry.get     'x-timer': 'S1432961631.865452,VS0,VE121',
23 silly registry.get     vary: 'Accept' } ]
24 verbose etag live-server from cache
25 silly addNameRange number 2 { name: 'live-server', range: '*', hasData: true }
26 silly addNameRange versions [ 'live-server',
26 silly addNameRange   [ '0.1.0',
26 silly addNameRange     '0.1.1',
26 silly addNameRange     '0.2.0',
26 silly addNameRange     '0.3.0',
26 silly addNameRange     '0.4.0',
26 silly addNameRange     '0.5.0',
26 silly addNameRange     '0.6.0',
26 silly addNameRange     '0.6.1',
26 silly addNameRange     '0.6.2',
26 silly addNameRange     '0.6.3',
26 silly addNameRange     '0.6.4',
26 silly addNameRange     '0.7.0',
26 silly addNameRange     '0.7.1' ] ]
27 verbose addNamed [ 'live-server', '0.7.1' ]
28 verbose addNamed [ '0.7.1', '0.7.1' ]
29 silly lockFile 26730d42-live-server-0-7-1 live-server@0.7.1
30 verbose lock live-server@0.7.1 C:\Users\dricardo1\AppData\Roaming\npm-cache\26730d42-live-server-0-7-1.lock
31 silly lockFile 26730d42-live-server-0-7-1 live-server@0.7.1
32 silly lockFile 26730d42-live-server-0-7-1 live-server@0.7.1
33 silly lockFile 180ee697-live-server live-server@
34 silly lockFile 180ee697-live-server live-server@
35 silly resolved [ { name: 'live-server',
35 silly resolved     version: '0.7.1',
35 silly resolved     description: 'simple development http server with live reload capability',
35 silly resolved     keywords: [ 'front-end', 'development', 'tool', 'server', 'http', 'cli' ],
35 silly resolved     author: { name: 'Tapio Vierros' },
35 silly resolved     dependencies:
35 silly resolved      { connect: '2.x.x',
35 silly resolved        send: 'latest',
35 silly resolved        colors: 'latest',
35 silly resolved        open: 'latest',
35 silly resolved        watchr: '2.3.x',
35 silly resolved        'faye-websocket': '0.9.x',
35 silly resolved        'event-stream': 'latest' },
35 silly resolved     scripts: { test: 'jshint *.js' },
35 silly resolved     bin: { 'live-server': './live-server.js' },
35 silly resolved     repository: { type: 'git', url: 'https://github.com/tapio/live-server.git' },
35 silly resolved     engines: { node: '>=0.8.0' },
35 silly resolved     preferGlobal: true,
35 silly resolved     license: 'MIT',
35 silly resolved     readme: '[![view on npm](http://img.shields.io/npm/v/live-server.svg)](https://www.npmjs.org/package/live-server)\r\n[![npm module downloads per month](http://img.shields.io/npm/dm/live-server.svg)](https://www.npmjs.org/package/live-server)\r\n\r\nLive Server\r\n===========\r\n\r\nThis is a little development server with live reload capability. Use it for hacking your HTML/JavaScript/CSS files, but not for deploying the final site.\r\n\r\nThere are two reasons for using this:\r\n\r\n1. AJAX requests don\'t work with the `file://` protocol due to security restrictions, i.e. you need a server if your site fetches content through JavaScript.\r\n2. Having the page reload automatically after changes to files can accelerate development.\r\n\r\nIf you don\'t want/need the live reload, you should probably use something simpler, like the following Python-based one-liner:\r\n\r\n\tpython -m SimpleHTTPServer\r\n\r\n\r\nInstallation\r\n------------\r\n\r\nYou need node.js and npm. You should probably install this globally.\r\n\r\n**Npm way**\r\n\r\n\tnpm install -g live-server\r\n\r\n**Manual way**\r\n\r\n\tgit clone https://github.com/tapio/live-server\r\n\tcd live-server\r\n\tnpm install # Local dependencies if you want to hack\r\n\tnpm install -g # Install globally\r\n\r\n\r\nUsage from command line\r\n-----------------------\r\n\r\nIssue the command `live-server` in your project\'s directory. Alternatively you can add the path to serve as a command line parameter.\r\n\r\nThis will automatically launch the default browser (you should have `index.html` present). When you make a change to any file, the browser will reload the page - unless it was a CSS file in which case the changes are applied without a reload.\r\n\r\nYou can configure the port to be used by the server by adding the `--port=<number>` runtime option when invoking live-server, or by setting the `PORT` environment variable prior to running live-server.\r\n\r\nAdditional parameters:\r\n\r\n* `--no-browser` - suppress automatic web browser launching\r\n* `--quiet` - suppress logging\r\n* `--open=PATH` - launch browser to PATH instead of server root\r\n\r\n\r\nUsage from node\r\n---------------\r\n\r\n```javascript\r\nvar liveServer = require("live-server");\r\n\r\nvar params = {\r\n\tport: 8181, // Set the server port. Defaults to 8080.\r\n\thost: "0.0.0.0", // Set the address to bind to. Defaults to 0.0.0.0.\r\n\troot: "/public", // Set root directory that\'s being server. Defaults to cwd.\r\n\topen: false // When false, it won\'t load your browser by default.\r\n};\r\nliveServer.start(params);\r\n```\r\n\r\n\r\nTroubleshooting\r\n---------------\r\n\r\nOpen your browser\'s console: there should be a message at the top stating that live reload is enabled. If there are errors, deal with them. You will need a browser that supports WebSockets.\r\n\r\n\r\nHow it works\r\n------------\r\n\r\nThe server is a simple node app that serves the working directory and its subdirectories. It also watches the files for changes and when that happens, it sends a message through a web socket connection to the browser instructing it to reload. In order for the client side to support this, the server injects a small piece of JavaScript code to each requested html file. This script establishes the web socket connection and listens to the reload requests.\r\n\r\n\r\nVersion history\r\n---------------\r\n\r\n* v0.7.1\r\n\t- Fix hang caused by trying to inject into fragment html files without `</body>`\r\n\t- `logLevel` parameter in library to control amount of console spam\r\n\t- `--quiet` cli option to suppress console spam\r\n\t- `--open=PATH` cli option to launch browser in specified path instead of root (@richardgoater)\r\n\t- Library\'s `noBrowser: true` option is deprecated in favor of `open: false`\r\n* v0.7.0\r\n\t- API BREAKAGE: LiveServer library now takes parameters in an object\r\n\t- Added possibility to specify host to the lib\r\n\t- Only inject to host page when working with web components (e.g. Polymer) (@davej)\r\n\t- Open browser to 127.0.0.1, as 0.0.0.0 has issues\r\n\t- `--no-browser` command line flag to suppress browser launch\r\n\t- `--help` command line flag to display usage\r\n* v0.6.4\r\n\t- Allow specifying port from the command line: `live-server --port=3000` (@Pomax)\r\n\t- Don\'t inject script as the first thing so that DOCTYPE remains valid (@wmira)\r\n\t- Be more explicit with listening to all interfaces (@inadarei)\r\n* v0.6.3\r\n\t- Fix multiple _cacheOverride parameters polluting css requests\r\n\t- Don\'t create global variables in the injected script\r\n* v0.6.2\r\n\t- Fix a deprecation warning from `send`\r\n* v0.6.1\r\n\t- Republish to fix npm troubles\r\n* v0.6.0\r\n\t- Support for using as node library (@dpgraham)\r\n* v0.5.0\r\n\t- Watching was broken with new versions of `watchr` > 2.3.3\r\n\t- Added some logging to console\r\n* v0.4.0\r\n\t- Allow specifying directory to serve from command line\r\n* v0.3.0\r\n\t- Directory listings\r\n* v0.2.0\r\n\t- On-the-fly CSS refresh (no page reload)\r\n\t- Refactoring\r\n* v0.1.1\r\n\t- Documentation and meta tweaks\r\n* v0.1.0\r\n\t- Initial release\r\n\r\n\r\nLicense\r\n-------\r\n\r\nUses MIT licensed code from [Connect](https://github.com/senchalabs/connect/) and  [Roots](https://github.com/jenius/roots).\r\n\r\n(MIT License)\r\n\r\nCopyright (c) 2012 Tapio Vierros\r\n\r\nPermission is hereby granted, free of charge, to any person obtaining a copy of this software and associated documentation files (the "Software"), to deal in the Software without restriction, including without limitation the rights to use, copy, modify, merge, publish, distribute, sublicense, and/or sell copies of the Software, and to permit persons to whom the Software is furnished to do so, subject to the following conditions:\r\n\r\nThe above copyright notice and this permission notice shall be included in all copies or substantial portions of the Software.\r\n\r\nTHE SOFTWARE IS PROVIDED "AS IS", WITHOUT WARRANTY OF ANY KIND, EXPRESS OR IMPLIED, INCLUDING BUT NOT LIMITED TO THE WARRANTIES OF MERCHANTABILITY, FITNESS FOR A PARTICULAR PURPOSE AND NONINFRINGEMENT. IN NO EVENT SHALL THE AUTHORS OR COPYRIGHT HOLDERS BE LIABLE FOR ANY CLAIM, DAMAGES OR OTHER LIABILITY, WHETHER IN AN ACTION OF CONTRACT, TORT OR OTHERWISE, ARISING FROM, OUT OF OR IN CONNECTION WITH THE SOFTWARE OR THE USE OR OTHER DEALINGS IN THE SOFTWARE.\r\n',
35 silly resolved     readmeFilename: 'README.md',
35 silly resolved     bugs: { url: 'https://github.com/tapio/live-server/issues' },
35 silly resolved     homepage: 'https://github.com/tapio/live-server',
35 silly resolved     _id: 'live-server@0.7.1',
35 silly resolved     _from: 'live-server@' } ]
36 info install live-server@0.7.1 into C:\Program Files\nodejs
37 info installOne live-server@0.7.1
38 info C:\Program Files\nodejs\node_modules\live-server unbuild
39 verbose tar unpack C:\Users\dricardo1\AppData\Roaming\npm-cache\live-server\0.7.1\package.tgz
40 silly lockFile 39bb4508--nodejs-node-modules-live-server tar://C:\Program Files\nodejs\node_modules\live-server
41 verbose lock tar://C:\Program Files\nodejs\node_modules\live-server C:\Users\dricardo1\AppData\Roaming\npm-cache\39bb4508--nodejs-node-modules-live-server.lock
42 silly lockFile 6d5b6172-he-live-server-0-7-1-package-tgz tar://C:\Users\dricardo1\AppData\Roaming\npm-cache\live-server\0.7.1\package.tgz
43 verbose lock tar://C:\Users\dricardo1\AppData\Roaming\npm-cache\live-server\0.7.1\package.tgz C:\Users\dricardo1\AppData\Roaming\npm-cache\6d5b6172-he-live-server-0-7-1-package-tgz.lock
44 silly gunzTarPerm modes [ '755', '644' ]
45 error Error: EPERM, mkdir 'C:\Program Files\nodejs\node_modules\live-server'
45 error  { [Error: EPERM, mkdir 'C:\Program Files\nodejs\node_modules\live-server']
45 error   errno: 50,
45 error   code: 'EPERM',
45 error   path: 'C:\\Program Files\\nodejs\\node_modules\\live-server',
45 error   fstream_type: 'Directory',
45 error   fstream_path: 'C:\\Program Files\\nodejs\\node_modules\\live-server',
45 error   fstream_class: 'DirWriter',
45 error   fstream_stack:
45 error    [ 'C:\\Users\\dricardo1\\AppData\\Roaming\\npm\\node_modules\\npm\\node_modules\\fstream\\lib\\dir-writer.js:36:23',
45 error      'C:\\Users\\dricardo1\\AppData\\Roaming\\npm\\node_modules\\npm\\node_modules\\mkdirp\\index.js:37:53',
45 error      'Object.oncomplete (fs.js:108:15)' ] }
46 error Please try running this command again as root/Administrator.
47 error System Windows_NT 6.2.9200
48 error command "node" "C:\\Users\\dricardo1\\AppData\\Roaming\\npm\\node_modules\\npm\\bin\\npm-cli.js" "install" "-g" "live-server"
49 error cwd C:\Users\dricardo1\Documents\GitHub\mm-jqmobile\Mind-Meld
50 error node -v v0.10.35
51 error npm -v 1.3.26
52 error path C:\Program Files\nodejs\node_modules\live-server
53 error fstream_path C:\Program Files\nodejs\node_modules\live-server
54 error fstream_type Directory
55 error fstream_class DirWriter
56 error code EPERM
57 error errno 50
58 error stack Error: EPERM, mkdir 'C:\Program Files\nodejs\node_modules\live-server'
59 error fstream_stack C:\Users\dricardo1\AppData\Roaming\npm\node_modules\npm\node_modules\fstream\lib\dir-writer.js:36:23
59 error fstream_stack C:\Users\dricardo1\AppData\Roaming\npm\node_modules\npm\node_modules\mkdirp\index.js:37:53
59 error fstream_stack Object.oncomplete (fs.js:108:15)
60 verbose exit [ 50, true ]
